0 info it worked if it ends with ok
1 verbose cli [ '/Users/bercohen/.nvm/versions/node/v6.17.1/bin/node',
1 verbose cli   '/Users/bercohen/.nvm/versions/node/v6.17.1/bin/npm',
1 verbose cli   'i',
1 verbose cli   '@google/clasp',
1 verbose cli   '-g' ]
2 info using npm@3.10.10
3 info using node@v6.17.1
4 silly loadCurrentTree Starting
5 silly install loadCurrentTree
6 silly install readGlobalPackageData
7 silly fetchPackageMetaData @google/clasp
8 silly fetchNamedPackageData @google/clasp
9 silly mapToRegistry name @google/clasp
10 silly mapToRegistry scope (from package name) @google
11 verbose mapToRegistry no registry URL found in name for scope @google
12 silly mapToRegistry using default registry
13 silly mapToRegistry registry https://registry.npmjs.org/
14 silly mapToRegistry data Result {
14 silly mapToRegistry   raw: '@google/clasp',
14 silly mapToRegistry   scope: '@google',
14 silly mapToRegistry   escapedName: '@google%2fclasp',
14 silly mapToRegistry   name: '@google/clasp',
14 silly mapToRegistry   rawSpec: '',
14 silly mapToRegistry   spec: 'latest',
14 silly mapToRegistry   type: 'tag' }
15 silly mapToRegistry uri https://registry.npmjs.org/@google%2fclasp
16 verbose request uri https://registry.npmjs.org/@google%2fclasp
17 verbose request no auth needed
18 info attempt registry request try #1 at 10:45:18 AM
19 verbose request id aec29c2587eaf936
20 http request GET https://registry.npmjs.org/@google%2fclasp
21 info retry will retry, error on last attempt: Error: unable to verify the first certificate
22 info attempt registry request try #2 at 10:45:28 AM
23 http request GET https://registry.npmjs.org/@google%2fclasp
24 info retry will retry, error on last attempt: Error: unable to verify the first certificate
25 info attempt registry request try #3 at 10:46:29 AM
26 http request GET https://registry.npmjs.org/@google%2fclasp
27 silly fetchPackageMetaData Error: unable to verify the first certificate
27 silly fetchPackageMetaData     at Error (native)
27 silly fetchPackageMetaData     at TLSSocket.<anonymous> (_tls_wrap.js:1092:38)
27 silly fetchPackageMetaData     at emitNone (events.js:86:13)
27 silly fetchPackageMetaData     at TLSSocket.emit (events.js:185:7)
27 silly fetchPackageMetaData     at TLSSocket._finishInit (_tls_wrap.js:609:8)
27 silly fetchPackageMetaData     at TLSWrap.ssl.onhandshakedone (_tls_wrap.js:439:38)
27 silly fetchPackageMetaData  error for @google/clasp { Error: unable to verify the first certificate
27 silly fetchPackageMetaData     at Error (native)
27 silly fetchPackageMetaData     at TLSSocket.<anonymous> (_tls_wrap.js:1092:38)
27 silly fetchPackageMetaData     at emitNone (events.js:86:13)
27 silly fetchPackageMetaData     at TLSSocket.emit (events.js:185:7)
27 silly fetchPackageMetaData     at TLSSocket._finishInit (_tls_wrap.js:609:8)
27 silly fetchPackageMetaData     at TLSWrap.ssl.onhandshakedone (_tls_wrap.js:439:38) code: 'UNABLE_TO_VERIFY_LEAF_SIGNATURE' }
28 silly rollbackFailedOptional Starting
29 silly rollbackFailedOptional Finishing
30 silly runTopLevelLifecycles Finishing
31 silly install printInstalled
32 verbose stack Error: unable to verify the first certificate
32 verbose stack     at Error (native)
32 verbose stack     at TLSSocket.<anonymous> (_tls_wrap.js:1092:38)
32 verbose stack     at emitNone (events.js:86:13)
32 verbose stack     at TLSSocket.emit (events.js:185:7)
32 verbose stack     at TLSSocket._finishInit (_tls_wrap.js:609:8)
32 verbose stack     at TLSWrap.ssl.onhandshakedone (_tls_wrap.js:439:38)
33 verbose cwd /Users/bercohen/apps/clasp
34 error Darwin 23.0.0
35 error argv "/Users/bercohen/.nvm/versions/node/v6.17.1/bin/node" "/Users/bercohen/.nvm/versions/node/v6.17.1/bin/npm" "i" "@google/clasp" "-g"
36 error node v6.17.1
37 error npm  v3.10.10
38 error code UNABLE_TO_VERIFY_LEAF_SIGNATURE
39 error unable to verify the first certificate
40 error If you need help, you may report this error at:
40 error     <https://github.com/npm/npm/issues>
41 verbose exit [ 1, true ]
